#! /usr/bin/vvp
:ivl_version "10.1 (stable)";
:ivl_delay_selection "TYPICAL";
:vpi_time_precision - 11;
:vpi_module "system";
:vpi_module "vhdl_sys";
:vpi_module "v2005_math";
:vpi_module "va_math";
S_0x559be96b9270 .scope module, "cpu_tb" "cpu_tb" 2 3;
 .timescale -9 -11;
v0x559be96e3ff0_0 .var "clk", 0 0;
v0x559be96e4090_0 .var "reset", 0 0;
S_0x559be96b82f0 .scope module, "micpu" "cpu" 2 19, 3 1 0, S_0x559be96b9270;
 .timescale -9 -11;
    .port_info 0 /INPUT 1 "clk"
    .port_info 1 /INPUT 1 "reset"
v0x559be96e3910_0 .net "clk", 0 0, v0x559be96e3ff0_0;  1 drivers
v0x559be96e39d0_0 .net "opalu", 2 0, v0x559be96e3140_0;  1 drivers
v0x559be96e3a90_0 .net "opcode", 5 0, L_0x559be96f5950;  1 drivers
v0x559be96e3b80_0 .net "reset", 0 0, v0x559be96e4090_0;  1 drivers
v0x559be96e3c20_0 .net "s_inc", 0 0, v0x559be96e3330_0;  1 drivers
v0x559be96e3d10_0 .net "s_inm", 0 0, v0x559be96e3420_0;  1 drivers
v0x559be96e3db0_0 .net "s_z", 0 0, v0x559be96df130_0;  1 drivers
v0x559be96e3e50_0 .net "we3", 0 0, v0x559be96e3650_0;  1 drivers
v0x559be96e3ef0_0 .net "wez", 0 0, v0x559be96e3740_0;  1 drivers
S_0x559be96b7f90 .scope module, "datapath" "cd" 3 10, 4 1 0, S_0x559be96b82f0;
 .timescale 0 0;
    .port_info 0 /INPUT 1 "clk"
    .port_info 1 /INPUT 1 "reset"
    .port_info 2 /INPUT 1 "s_inc"
    .port_info 3 /INPUT 1 "s_inm"
    .port_info 4 /INPUT 1 "we3"
    .port_info 5 /INPUT 1 "wez"
    .port_info 6 /INPUT 3 "op_alu"
    .port_info 7 /OUTPUT 1 "s_z"
    .port_info 8 /OUTPUT 6 "opcode"
v0x559be96e1f40_0 .net "clk", 0 0, v0x559be96e3ff0_0;  alias, 1 drivers
v0x559be96e2000_0 .net "e_pc", 9 0, L_0x559be96f4270;  1 drivers
v0x559be96e20c0_0 .net "instruccion", 15 0, L_0x559be96e41f0;  1 drivers
v0x559be96e2160_0 .net "op_alu", 2 0, v0x559be96e3140_0;  alias, 1 drivers
v0x559be96e2230_0 .net "opcode", 5 0, L_0x559be96f5950;  alias, 1 drivers
v0x559be96e2340_0 .net "rd1", 7 0, L_0x559be96f4aa0;  1 drivers
v0x559be96e2450_0 .net "rd2", 7 0, L_0x559be96f51b0;  1 drivers
v0x559be96e2560_0 .net "reset", 0 0, v0x559be96e4090_0;  alias, 1 drivers
v0x559be96e2650_0 .net "s_alu", 7 0, v0x559be96e1bf0_0;  1 drivers
v0x559be96e2710_0 .net "s_inc", 0 0, v0x559be96e3330_0;  alias, 1 drivers
v0x559be96e27b0_0 .net "s_inm", 0 0, v0x559be96e3420_0;  alias, 1 drivers
v0x559be96e2850_0 .net "s_pc", 9 0, v0x559be96e0e70_0;  1 drivers
v0x559be96e28f0_0 .net "s_sumador", 9 0, L_0x559be96e4150;  1 drivers
v0x559be96e29e0_0 .net "s_z", 0 0, v0x559be96df130_0;  alias, 1 drivers
v0x559be96e2a80_0 .net "wd3", 7 0, L_0x559be96f5570;  1 drivers
v0x559be96e2b70_0 .net "we3", 0 0, v0x559be96e3650_0;  alias, 1 drivers
v0x559be96e2c10_0 .net "wez", 0 0, v0x559be96e3740_0;  alias, 1 drivers
v0x559be96e2cb0_0 .net "zalu", 0 0, L_0x559be96f58e0;  1 drivers
L_0x559be96f4330 .part L_0x559be96e41f0, 0, 10;
L_0x559be96f5300 .part L_0x559be96e41f0, 8, 4;
L_0x559be96f5430 .part L_0x559be96e41f0, 4, 4;
L_0x559be96f54d0 .part L_0x559be96e41f0, 0, 4;
L_0x559be96f56a0 .part L_0x559be96e41f0, 4, 8;
L_0x559be96f5950 .part L_0x559be96e41f0, 10, 6;
S_0x559be96b7c80 .scope module, "banco_registros" "regfile" 4 23, 5 4 0, S_0x559be96b7f90;
 .timescale 0 0;
    .port_info 0 /INPUT 1 "clk"
    .port_info 1 /INPUT 1 "we3"
    .port_info 2 /INPUT 4 "ra1"
    .port_info 3 /INPUT 4 "ra2"
    .port_info 4 /INPUT 4 "wa3"
    .port_info 5 /INPUT 8 "wd3"
    .port_info 6 /OUTPUT 8 "rd1"
    .port_info 7 /OUTPUT 8 "rd2"
v0x559be96b0450_0 .net *"_s0", 31 0, L_0x559be96f45a0;  1 drivers
v0x559be96b0520_0 .net *"_s10", 5 0, L_0x559be96f4890;  1 drivers
L_0x7f4a2df04138 .functor BUFT 1, C4<00>, C4<0>, C4<0>, C4<0>;
v0x559be96dd7b0_0 .net *"_s13", 1 0, L_0x7f4a2df04138;  1 drivers
L_0x7f4a2df04180 .functor BUFT 1, C4<00000000>, C4<0>, C4<0>, C4<0>;
v0x559be96dd870_0 .net/2u *"_s14", 7 0, L_0x7f4a2df04180;  1 drivers
v0x559be96dd950_0 .net *"_s18", 31 0, L_0x559be96f4c30;  1 drivers
L_0x7f4a2df041c8 .functor BUFT 1, C4<0000000000000000000000000000>, C4<0>, C4<0>, C4<0>;
v0x559be96dda80_0 .net *"_s21", 27 0, L_0x7f4a2df041c8;  1 drivers
L_0x7f4a2df04210 .functor BUFT 1, C4<00000000000000000000000000000000>, C4<0>, C4<0>, C4<0>;
v0x559be96ddb60_0 .net/2u *"_s22", 31 0, L_0x7f4a2df04210;  1 drivers
v0x559be96ddc40_0 .net *"_s24", 0 0, L_0x559be96f4d60;  1 drivers
v0x559be96ddd00_0 .net *"_s26", 7 0, L_0x559be96f4ea0;  1 drivers
v0x559be96ddde0_0 .net *"_s28", 5 0, L_0x559be96f4f90;  1 drivers
L_0x7f4a2df040a8 .functor BUFT 1, C4<0000000000000000000000000000>, C4<0>, C4<0>, C4<0>;
v0x559be96ddec0_0 .net *"_s3", 27 0, L_0x7f4a2df040a8;  1 drivers
L_0x7f4a2df04258 .functor BUFT 1, C4<00>, C4<0>, C4<0>, C4<0>;
v0x559be96ddfa0_0 .net *"_s31", 1 0, L_0x7f4a2df04258;  1 drivers
L_0x7f4a2df042a0 .functor BUFT 1, C4<00000000>, C4<0>, C4<0>, C4<0>;
v0x559be96de080_0 .net/2u *"_s32", 7 0, L_0x7f4a2df042a0;  1 drivers
L_0x7f4a2df040f0 .functor BUFT 1, C4<00000000000000000000000000000000>, C4<0>, C4<0>, C4<0>;
v0x559be96de160_0 .net/2u *"_s4", 31 0, L_0x7f4a2df040f0;  1 drivers
v0x559be96de240_0 .net *"_s6", 0 0, L_0x559be96f46b0;  1 drivers
v0x559be96de300_0 .net *"_s8", 7 0, L_0x559be96f47f0;  1 drivers
v0x559be96de3e0_0 .net "clk", 0 0, v0x559be96e3ff0_0;  alias, 1 drivers
v0x559be96de4a0_0 .net "ra1", 3 0, L_0x559be96f5300;  1 drivers
v0x559be96de580_0 .net "ra2", 3 0, L_0x559be96f5430;  1 drivers
v0x559be96de660_0 .net "rd1", 7 0, L_0x559be96f4aa0;  alias, 1 drivers
v0x559be96de740_0 .net "rd2", 7 0, L_0x559be96f51b0;  alias, 1 drivers
v0x559be96de820 .array "regb", 15 0, 7 0;
v0x559be96de8e0_0 .net "wa3", 3 0, L_0x559be96f54d0;  1 drivers
v0x559be96de9c0_0 .net "wd3", 7 0, L_0x559be96f5570;  alias, 1 drivers
v0x559be96deaa0_0 .net "we3", 0 0, v0x559be96e3650_0;  alias, 1 drivers
E_0x559be968f070 .event posedge, v0x559be96de3e0_0;
L_0x559be96f45a0 .concat [ 4 28 0 0], L_0x559be96f5300, L_0x7f4a2df040a8;
L_0x559be96f46b0 .cmp/ne 32, L_0x559be96f45a0, L_0x7f4a2df040f0;
L_0x559be96f47f0 .array/port v0x559be96de820, L_0x559be96f4890;
L_0x559be96f4890 .concat [ 4 2 0 0], L_0x559be96f5300, L_0x7f4a2df04138;
L_0x559be96f4aa0 .functor MUXZ 8, L_0x7f4a2df04180, L_0x559be96f47f0, L_0x559be96f46b0, C4<>;
L_0x559be96f4c30 .concat [ 4 28 0 0], L_0x559be96f5430, L_0x7f4a2df041c8;
L_0x559be96f4d60 .cmp/ne 32, L_0x559be96f4c30, L_0x7f4a2df04210;
L_0x559be96f4ea0 .array/port v0x559be96de820, L_0x559be96f4f90;
L_0x559be96f4f90 .concat [ 4 2 0 0], L_0x559be96f5430, L_0x7f4a2df04258;
L_0x559be96f51b0 .functor MUXZ 8, L_0x7f4a2df042a0, L_0x559be96f4ea0, L_0x559be96f4d60, C4<>;
S_0x559be96dec60 .scope module, "ffz" "ffd" 4 36, 5 61 0, S_0x559be96b7f90;
 .timescale 0 0;
    .port_info 0 /INPUT 1 "clk"
    .port_info 1 /INPUT 1 "reset"
    .port_info 2 /INPUT 1 "d"
    .port_info 3 /INPUT 1 "carga"
    .port_info 4 /OUTPUT 1 "q"
v0x559be96deef0_0 .net "carga", 0 0, v0x559be96e3740_0;  alias, 1 drivers
v0x559be96defd0_0 .net "clk", 0 0, v0x559be96e3ff0_0;  alias, 1 drivers
v0x559be96df090_0 .net "d", 0 0, L_0x559be96f58e0;  alias, 1 drivers
v0x559be96df130_0 .var "q", 0 0;
v0x559be96df1d0_0 .net "reset", 0 0, v0x559be96e4090_0;  alias, 1 drivers
E_0x559be96bfc80 .event posedge, v0x559be96df1d0_0, v0x559be96de3e0_0;
S_0x559be96df360 .scope module, "memoria_programa" "memprog" 4 18, 6 3 0, S_0x559be96b7f90;
 .timescale 0 0;
    .port_info 0 /INPUT 1 "clk"
    .port_info 1 /INPUT 10 "a"
    .port_info 2 /OUTPUT 16 "rd"
L_0x559be96e41f0 .functor BUFZ 16, L_0x559be96f43d0, C4<0000000000000000>, C4<0000000000000000>, C4<0000000000000000>;
v0x559be96df580_0 .net *"_s0", 15 0, L_0x559be96f43d0;  1 drivers
v0x559be96df680_0 .net *"_s2", 11 0, L_0x559be96f4490;  1 drivers
L_0x7f4a2df04060 .functor BUFT 1, C4<00>, C4<0>, C4<0>, C4<0>;
v0x559be96df760_0 .net *"_s5", 1 0, L_0x7f4a2df04060;  1 drivers
v0x559be96df820_0 .net "a", 9 0, v0x559be96e0e70_0;  alias, 1 drivers
v0x559be96df900_0 .net "clk", 0 0, v0x559be96e3ff0_0;  alias, 1 drivers
v0x559be96dfa40 .array "mem", 1023 0, 15 0;
v0x559be96dfb00_0 .net "rd", 15 0, L_0x559be96e41f0;  alias, 1 drivers
L_0x559be96f43d0 .array/port v0x559be96dfa40, L_0x559be96f4490;
L_0x559be96f4490 .concat [ 10 2 0 0], v0x559be96e0e70_0, L_0x7f4a2df04060;
S_0x559be96dfc60 .scope module, "mux_sum_pal" "mux2" 4 15, 5 50 0, S_0x559be96b7f90;
 .timescale 0 0;
    .port_info 0 /INPUT 10 "d0"
    .port_info 1 /INPUT 10 "d1"
    .port_info 2 /INPUT 1 "s"
    .port_info 3 /OUTPUT 10 "y"
P_0x559be96dfe30 .param/l "WIDTH" 0 5 50, +C4<00000000000000000000000000001010>;
v0x559be96dfed0_0 .net "d0", 9 0, L_0x559be96f4330;  1 drivers
v0x559be96dffb0_0 .net "d1", 9 0, L_0x559be96e4150;  alias, 1 drivers
v0x559be96e0090_0 .net "s", 0 0, v0x559be96e3330_0;  alias, 1 drivers
v0x559be96e0130_0 .net "y", 9 0, L_0x559be96f4270;  alias, 1 drivers
L_0x559be96f4270 .functor MUXZ 10, L_0x559be96f4330, L_0x559be96e4150, v0x559be96e3330_0, C4<>;
S_0x559be96e02c0 .scope module, "mux_wd3" "mux2" 4 28, 5 50 0, S_0x559be96b7f90;
 .timescale 0 0;
    .port_info 0 /INPUT 8 "d0"
    .port_info 1 /INPUT 8 "d1"
    .port_info 2 /INPUT 1 "s"
    .port_info 3 /OUTPUT 8 "y"
P_0x559be96e04e0 .param/l "WIDTH" 0 5 50, +C4<00000000000000000000000000001000>;
v0x559be96e0580_0 .net "d0", 7 0, v0x559be96e1bf0_0;  alias, 1 drivers
v0x559be96e0680_0 .net "d1", 7 0, L_0x559be96f56a0;  1 drivers
v0x559be96e0760_0 .net "s", 0 0, v0x559be96e3420_0;  alias, 1 drivers
v0x559be96e0830_0 .net "y", 7 0, L_0x559be96f5570;  alias, 1 drivers
L_0x559be96f5570 .functor MUXZ 8, v0x559be96e1bf0_0, L_0x559be96f56a0, v0x559be96e3420_0, C4<>;
S_0x559be96e09b0 .scope module, "pc" "registro" 4 8, 5 38 0, S_0x559be96b7f90;
 .timescale 0 0;
    .port_info 0 /INPUT 1 "clk"
    .port_info 1 /INPUT 1 "reset"
    .port_info 2 /INPUT 10 "d"
    .port_info 3 /OUTPUT 10 "q"
P_0x559be96e0b80 .param/l "WIDTH" 0 5 38, +C4<00000000000000000000000000001010>;
v0x559be96e0cc0_0 .net "clk", 0 0, v0x559be96e3ff0_0;  alias, 1 drivers
v0x559be96e0d80_0 .net "d", 9 0, L_0x559be96f4270;  alias, 1 drivers
v0x559be96e0e70_0 .var "q", 9 0;
v0x559be96e0f70_0 .net "reset", 0 0, v0x559be96e4090_0;  alias, 1 drivers
S_0x559be96e1090 .scope module, "sumador" "sum" 4 13, 5 30 0, S_0x559be96b7f90;
 .timescale 0 0;
    .port_info 0 /INPUT 10 "a"
    .port_info 1 /INPUT 10 "b"
    .port_info 2 /OUTPUT 10 "y"
v0x559be96e12d0_0 .net "a", 9 0, v0x559be96e0e70_0;  alias, 1 drivers
L_0x7f4a2df04018 .functor BUFT 1, C4<0000000001>, C4<0>, C4<0>, C4<0>;
v0x559be96e1400_0 .net "b", 9 0, L_0x7f4a2df04018;  1 drivers
v0x559be96e14e0_0 .net "y", 9 0, L_0x559be96e4150;  alias, 1 drivers
L_0x559be96e4150 .arith/sum 10, v0x559be96e0e70_0, L_0x7f4a2df04018;
S_0x559be96e15e0 .scope module, "uni_art_log" "alu" 4 33, 7 1 0, S_0x559be96b7f90;
 .timescale 0 0;
    .port_info 0 /INPUT 8 "a"
    .port_info 1 /INPUT 8 "b"
    .port_info 2 /INPUT 3 "op_alu"
    .port_info 3 /OUTPUT 8 "y"
    .port_info 4 /OUTPUT 1 "zero"
L_0x559be96f58e0 .functor NOT 1, L_0x559be96f5840, C4<0>, C4<0>, C4<0>;
v0x559be96e1880_0 .net *"_s3", 0 0, L_0x559be96f5840;  1 drivers
v0x559be96e1960_0 .net "a", 7 0, L_0x559be96f4aa0;  alias, 1 drivers
v0x559be96e1a50_0 .net "b", 7 0, L_0x559be96f51b0;  alias, 1 drivers
v0x559be96e1b50_0 .net "op_alu", 2 0, v0x559be96e3140_0;  alias, 1 drivers
v0x559be96e1bf0_0 .var "s", 7 0;
v0x559be96e1d20_0 .net "y", 7 0, v0x559be96e1bf0_0;  alias, 1 drivers
v0x559be96e1de0_0 .net "zero", 0 0, L_0x559be96f58e0;  alias, 1 drivers
E_0x559be96bfa90 .event edge, v0x559be96e1b50_0, v0x559be96de740_0, v0x559be96de660_0;
L_0x559be96f5840 .reduce/or v0x559be96e1bf0_0;
S_0x559be96e2ed0 .scope module, "u" "uc" 3 13, 8 1 0, S_0x559be96b82f0;
 .timescale 0 0;
    .port_info 0 /INPUT 6 "opcode"
    .port_info 1 /INPUT 1 "s_z"
    .port_info 2 /OUTPUT 1 "s_inc"
    .port_info 3 /OUTPUT 1 "s_inm"
    .port_info 4 /OUTPUT 1 "we3"
    .port_info 5 /OUTPUT 1 "wez"
    .port_info 6 /OUTPUT 3 "op_alu"
v0x559be96e3140_0 .var "op_alu", 2 0;
v0x559be96e3270_0 .net "opcode", 5 0, L_0x559be96f5950;  alias, 1 drivers
v0x559be96e3330_0 .var "s_inc", 0 0;
v0x559be96e3420_0 .var "s_inm", 0 0;
v0x559be96e3510_0 .net "s_z", 0 0, v0x559be96df130_0;  alias, 1 drivers
v0x559be96e3650_0 .var "we3", 0 0;
v0x559be96e3740_0 .var "wez", 0 0;
E_0x559be96bfa50 .event edge, v0x559be96e2230_0, v0x559be96df130_0;
    .scope S_0x559be96e09b0;
T_0 ;
    %wait E_0x559be96bfc80;
    %load/vec4 v0x559be96e0f70_0;
    %flag_set/vec4 8;
    %jmp/0xz  T_0.0, 8;
    %pushi/vec4 0, 0, 10;
    %assign/vec4 v0x559be96e0e70_0, 0;
    %jmp T_0.1;
T_0.0 ;
    %load/vec4 v0x559be96e0d80_0;
    %assign/vec4 v0x559be96e0e70_0, 0;
T_0.1 ;
    %jmp T_0;
    .thread T_0;
    .scope S_0x559be96df360;
T_1 ;
    %vpi_call 6 11 "$readmemb", "progfile.dat", v0x559be96dfa40 {0 0 0};
    %end;
    .thread T_1;
    .scope S_0x559be96b7c80;
T_2 ;
    %vpi_call 5 14 "$readmemb", "regfile.dat", v0x559be96de820 {0 0 0};
    %end;
    .thread T_2;
    .scope S_0x559be96b7c80;
T_3 ;
    %wait E_0x559be968f070;
    %load/vec4 v0x559be96deaa0_0;
    %flag_set/vec4 8;
    %jmp/0xz  T_3.0, 8;
    %load/vec4 v0x559be96de9c0_0;
    %load/vec4 v0x559be96de8e0_0;
    %pad/u 6;
    %ix/vec4 3;
    %ix/load 4, 0, 0; Constant delay
    %assign/vec4/a/d v0x559be96de820, 0, 4;
T_3.0 ;
    %jmp T_3;
    .thread T_3;
    .scope S_0x559be96e15e0;
T_4 ;
    %wait E_0x559be96bfa90;
    %load/vec4 v0x559be96e1b50_0;
    %dup/vec4;
    %pushi/vec4 0, 0, 3;
    %cmp/u;
    %jmp/1 T_4.0, 6;
    %dup/vec4;
    %pushi/vec4 1, 0, 3;
    %cmp/u;
    %jmp/1 T_4.1, 6;
    %dup/vec4;
    %pushi/vec4 2, 0, 3;
    %cmp/u;
    %jmp/1 T_4.2, 6;
    %dup/vec4;
    %pushi/vec4 3, 0, 3;
    %cmp/u;
    %jmp/1 T_4.3, 6;
    %dup/vec4;
    %pushi/vec4 4, 0, 3;
    %cmp/u;
    %jmp/1 T_4.4, 6;
    %dup/vec4;
    %pushi/vec4 5, 0, 3;
    %cmp/u;
    %jmp/1 T_4.5, 6;
    %dup/vec4;
    %pushi/vec4 6, 0, 3;
    %cmp/u;
    %jmp/1 T_4.6, 6;
    %dup/vec4;
    %pushi/vec4 7, 0, 3;
    %cmp/u;
    %jmp/1 T_4.7, 6;
    %pushi/vec4 255, 255, 8;
    %store/vec4 v0x559be96e1bf0_0, 0, 8;
    %jmp T_4.9;
T_4.0 ;
    %load/vec4 v0x559be96e1960_0;
    %store/vec4 v0x559be96e1bf0_0, 0, 8;
    %jmp T_4.9;
T_4.1 ;
    %load/vec4 v0x559be96e1960_0;
    %inv;
    %store/vec4 v0x559be96e1bf0_0, 0, 8;
    %jmp T_4.9;
T_4.2 ;
    %load/vec4 v0x559be96e1960_0;
    %load/vec4 v0x559be96e1a50_0;
    %add;
    %store/vec4 v0x559be96e1bf0_0, 0, 8;
    %jmp T_4.9;
T_4.3 ;
    %load/vec4 v0x559be96e1960_0;
    %load/vec4 v0x559be96e1a50_0;
    %sub;
    %store/vec4 v0x559be96e1bf0_0, 0, 8;
    %jmp T_4.9;
T_4.4 ;
    %load/vec4 v0x559be96e1960_0;
    %load/vec4 v0x559be96e1a50_0;
    %and;
    %store/vec4 v0x559be96e1bf0_0, 0, 8;
    %jmp T_4.9;
T_4.5 ;
    %load/vec4 v0x559be96e1960_0;
    %load/vec4 v0x559be96e1a50_0;
    %or;
    %store/vec4 v0x559be96e1bf0_0, 0, 8;
    %jmp T_4.9;
T_4.6 ;
    %load/vec4 v0x559be96e1960_0;
    %inv;
    %pushi/vec4 1, 0, 8;
    %add;
    %store/vec4 v0x559be96e1bf0_0, 0, 8;
    %jmp T_4.9;
T_4.7 ;
    %load/vec4 v0x559be96e1a50_0;
    %inv;
    %pushi/vec4 1, 0, 8;
    %add;
    %store/vec4 v0x559be96e1bf0_0, 0, 8;
    %jmp T_4.9;
T_4.9 ;
    %pop/vec4 1;
    %jmp T_4;
    .thread T_4, $push;
    .scope S_0x559be96dec60;
T_5 ;
    %wait E_0x559be96bfc80;
    %load/vec4 v0x559be96df1d0_0;
    %flag_set/vec4 8;
    %jmp/0xz  T_5.0, 8;
    %pushi/vec4 0, 0, 1;
    %assign/vec4 v0x559be96df130_0, 0;
    %jmp T_5.1;
T_5.0 ;
    %load/vec4 v0x559be96deef0_0;
    %flag_set/vec4 8;
    %jmp/0xz  T_5.2, 8;
    %load/vec4 v0x559be96df090_0;
    %assign/vec4 v0x559be96df130_0, 0;
T_5.2 ;
T_5.1 ;
    %jmp T_5;
    .thread T_5;
    .scope S_0x559be96e2ed0;
T_6 ;
    %wait E_0x559be96bfa50;
    %load/vec4 v0x559be96e3270_0;
    %parti/s 2, 4, 4;
    %cmpi/e 3, 0, 2;
    %jmp/0xz  T_6.0, 4;
    %load/vec4 v0x559be96e3270_0;
    %dup/vec4;
    %pushi/vec4 48, 0, 6;
    %cmp/u;
    %jmp/1 T_6.2, 6;
    %dup/vec4;
    %pushi/vec4 49, 0, 6;
    %cmp/u;
    %jmp/1 T_6.3, 6;
    %dup/vec4;
    %pushi/vec4 50, 0, 6;
    %cmp/u;
    %jmp/1 T_6.4, 6;
    %pushi/vec4 0, 0, 1;
    %assign/vec4 v0x559be96e3330_0, 0;
    %pushi/vec4 0, 0, 1;
    %assign/vec4 v0x559be96e3420_0, 0;
    %pushi/vec4 0, 0, 1;
    %assign/vec4 v0x559be96e3650_0, 0;
    %pushi/vec4 0, 0, 1;
    %assign/vec4 v0x559be96e3740_0, 0;
    %jmp T_6.6;
T_6.2 ;
    %pushi/vec4 0, 0, 1;
    %assign/vec4 v0x559be96e3330_0, 0;
    %pushi/vec4 0, 0, 1;
    %assign/vec4 v0x559be96e3420_0, 0;
    %pushi/vec4 0, 0, 1;
    %assign/vec4 v0x559be96e3650_0, 0;
    %pushi/vec4 0, 0, 1;
    %assign/vec4 v0x559be96e3740_0, 0;
    %jmp T_6.6;
T_6.3 ;
    %load/vec4 v0x559be96e3510_0;
    %cmpi/e 1, 0, 1;
    %jmp/0xz  T_6.7, 4;
    %pushi/vec4 0, 0, 1;
    %assign/vec4 v0x559be96e3330_0, 0;
    %jmp T_6.8;
T_6.7 ;
    %pushi/vec4 1, 0, 1;
    %assign/vec4 v0x559be96e3330_0, 0;
T_6.8 ;
    %pushi/vec4 0, 0, 1;
    %assign/vec4 v0x559be96e3420_0, 0;
    %pushi/vec4 0, 0, 1;
    %assign/vec4 v0x559be96e3650_0, 0;
    %pushi/vec4 0, 0, 1;
    %assign/vec4 v0x559be96e3740_0, 0;
    %jmp T_6.6;
T_6.4 ;
    %load/vec4 v0x559be96e3510_0;
    %cmpi/e 0, 0, 1;
    %jmp/0xz  T_6.9, 4;
    %pushi/vec4 0, 0, 1;
    %assign/vec4 v0x559be96e3330_0, 0;
    %jmp T_6.10;
T_6.9 ;
    %pushi/vec4 1, 0, 1;
    %assign/vec4 v0x559be96e3330_0, 0;
T_6.10 ;
    %pushi/vec4 0, 0, 1;
    %assign/vec4 v0x559be96e3420_0, 0;
    %pushi/vec4 0, 0, 1;
    %assign/vec4 v0x559be96e3650_0, 0;
    %pushi/vec4 0, 0, 1;
    %assign/vec4 v0x559be96e3740_0, 0;
    %jmp T_6.6;
T_6.6 ;
    %pop/vec4 1;
    %jmp T_6.1;
T_6.0 ;
    %load/vec4 v0x559be96e3270_0;
    %parti/s 1, 5, 4;
    %cmpi/e 0, 0, 1;
    %jmp/0xz  T_6.11, 4;
    %pushi/vec4 1, 0, 1;
    %assign/vec4 v0x559be96e3330_0, 0;
    %pushi/vec4 0, 0, 1;
    %assign/vec4 v0x559be96e3420_0, 0;
    %pushi/vec4 1, 0, 1;
    %assign/vec4 v0x559be96e3650_0, 0;
    %pushi/vec4 1, 0, 1;
    %assign/vec4 v0x559be96e3740_0, 0;
    %load/vec4 v0x559be96e3270_0;
    %parti/s 3, 2, 3;
    %assign/vec4 v0x559be96e3140_0, 0;
    %jmp T_6.12;
T_6.11 ;
    %load/vec4 v0x559be96e3270_0;
    %parti/s 4, 2, 3;
    %dup/vec4;
    %pushi/vec4 8, 0, 4;
    %cmp/u;
    %jmp/1 T_6.13, 6;
    %pushi/vec4 1, 0, 1;
    %assign/vec4 v0x559be96e3330_0, 0;
    %pushi/vec4 1, 0, 1;
    %assign/vec4 v0x559be96e3420_0, 0;
    %pushi/vec4 1, 0, 1;
    %assign/vec4 v0x559be96e3650_0, 0;
    %pushi/vec4 0, 0, 1;
    %assign/vec4 v0x559be96e3740_0, 0;
    %jmp T_6.15;
T_6.13 ;
    %pushi/vec4 1, 0, 1;
    %assign/vec4 v0x559be96e3330_0, 0;
    %pushi/vec4 1, 0, 1;
    %assign/vec4 v0x559be96e3420_0, 0;
    %pushi/vec4 1, 0, 1;
    %assign/vec4 v0x559be96e3650_0, 0;
    %pushi/vec4 0, 0, 1;
    %assign/vec4 v0x559be96e3740_0, 0;
    %jmp T_6.15;
T_6.15 ;
    %pop/vec4 1;
T_6.12 ;
T_6.1 ;
    %jmp T_6;
    .thread T_6, $push;
    .scope S_0x559be96b9270;
T_7 ;
    %pushi/vec4 1, 0, 1;
    %store/vec4 v0x559be96e3ff0_0, 0, 1;
    %delay 3000, 0;
    %pushi/vec4 0, 0, 1;
    %store/vec4 v0x559be96e3ff0_0, 0, 1;
    %delay 3000, 0;
    %jmp T_7;
    .thread T_7;
    .scope S_0x559be96b9270;
T_8 ;
    %vpi_call 2 23 "$dumpfile", "cpu_tb.vcd" {0 0 0};
    %vpi_call 2 24 "$dumpvars" {0 0 0};
    %pushi/vec4 1, 0, 1;
    %store/vec4 v0x559be96e4090_0, 0, 1;
    %delay 1000, 0;
    %pushi/vec4 0, 0, 1;
    %store/vec4 v0x559be96e4090_0, 0, 1;
    %end;
    .thread T_8;
    .scope S_0x559be96b9270;
T_9 ;
    %delay 300000, 0;
    %vpi_call 2 34 "$finish" {0 0 0};
    %end;
    .thread T_9;
# The file index is used to find the file name in the following table.
:file_names 9;
    "N/A";
    "<interactive>";
    "cpu_tb.v";
    "cpu.v";
    "cd.v";
    "componentes.v";
    "memprog.v";
    "alu.v";
    "uc.v";
